May 8, 2013 9:28:58 PM org.neo4j.server.logging.Logger log
INFO: Store files missing, or not in suitable state for upgrade. Leaving this problem for main server process to resolve.
May 8, 2013 9:28:58 PM org.neo4j.server.logging.Logger log
INFO: Loaded neo4j tuning properties from conf/neo4j.properties
May 8, 2013 9:28:59 PM org.neo4j.server.logging.Logger log
INFO: Successfully started database
May 8, 2013 9:28:59 PM org.neo4j.server.logging.Logger log
INFO: Starting Neo Server on port [7474] with [40] threads available
May 8, 2013 9:28:59 PM org.neo4j.server.logging.Logger log
INFO: Enabling HTTPS on port [7473]
May 8, 2013 9:29:00 PM org.neo4j.server.logging.Logger log
INFO: Mounted discovery module at [/]
May 8, 2013 9:29:00 PM org.neo4j.server.logging.Logger log
INFO: Loaded server plugin "CypherPlugin"
May 8, 2013 9:29:00 PM org.neo4j.server.logging.Logger log
INFO: Loaded server plugin "GremlinPlugin"
May 8, 2013 9:29:00 PM org.neo4j.server.logging.Logger log
INFO: Mounted REST API at [/db/data/]
May 8, 2013 9:29:00 PM org.neo4j.server.logging.Logger log
INFO: Mounted management API at [/db/manage/]
May 8, 2013 9:29:00 PM org.neo4j.server.logging.Logger log
INFO: Mounted webadmin at [/webadmin]
May 8, 2013 9:29:00 PM org.neo4j.server.logging.Logger log
INFO: Mounting static content at [/webadmin] from [webadmin-html]
May 8, 2013 9:29:00 PM com.sun.jersey.api.core.PackagesResourceConfig init
INFO: Scanning for root resource and provider classes in the packages:
  org.neo4j.server.webadmin.rest
May 8, 2013 9:29:00 PM com.sun.jersey.api.core.ScanningResourceConfig logClasses
INFO: Root resource classes found:
  class org.neo4j.server.webadmin.rest.MonitorService
  class org.neo4j.server.webadmin.rest.RootService
  class org.neo4j.server.webadmin.rest.ConsoleService
  class org.neo4j.server.webadmin.rest.JmxService
May 8, 2013 9:29:00 PM com.sun.jersey.api.core.ScanningResourceConfig init
INFO: No provider classes found.
May 8, 2013 9:29:00 PM com.sun.jersey.server.impl.application.WebApplicationImpl _initiate
INFO: Initiating Jersey application, version 'Jersey: 1.9 09/02/2011 11:17 AM'
May 8, 2013 9:29:01 PM com.sun.jersey.api.core.PackagesResourceConfig init
INFO: Scanning for root resource and provider classes in the packages:
  org.neo4j.server.rest.web
May 8, 2013 9:29:01 PM com.sun.jersey.api.core.ScanningResourceConfig logClasses
INFO: Root resource classes found:
  class org.neo4j.server.rest.web.BatchOperationService
  class org.neo4j.server.rest.web.DatabaseMetadataService
  class org.neo4j.server.rest.web.ResourcesService
  class org.neo4j.server.rest.web.ExtensionService
  class org.neo4j.server.rest.web.CypherService
  class org.neo4j.server.rest.web.RestfulGraphDatabase
May 8, 2013 9:29:01 PM com.sun.jersey.api.core.ScanningResourceConfig init
INFO: No provider classes found.
May 8, 2013 9:29:01 PM com.sun.jersey.server.impl.application.WebApplicationImpl _initiate
INFO: Initiating Jersey application, version 'Jersey: 1.9 09/02/2011 11:17 AM'
May 8, 2013 9:29:01 PM com.sun.jersey.api.core.PackagesResourceConfig init
INFO: Scanning for root resource and provider classes in the packages:
  org.neo4j.server.rest.discovery
May 8, 2013 9:29:01 PM com.sun.jersey.api.core.ScanningResourceConfig logClasses
INFO: Root resource classes found:
  class org.neo4j.server.rest.discovery.DiscoveryService
May 8, 2013 9:29:01 PM com.sun.jersey.api.core.ScanningResourceConfig init
INFO: No provider classes found.
May 8, 2013 9:29:01 PM com.sun.jersey.server.impl.application.WebApplicationImpl _initiate
INFO: Initiating Jersey application, version 'Jersey: 1.9 09/02/2011 11:17 AM'
May 8, 2013 9:29:01 PM org.neo4j.server.logging.Logger log
INFO: Server started on [http://localhost:7474/]
May 8, 2013 9:29:09 PM org.neo4j.server.logging.Logger log
INFO: Loaded neo4j tuning properties from conf/neo4j.properties
May 8, 2013 9:29:10 PM org.neo4j.server.logging.Logger log
INFO: Successfully started database
May 8, 2013 9:29:10 PM org.neo4j.server.logging.Logger log
INFO: Starting Neo Server on port [7474] with [40] threads available
May 8, 2013 9:29:10 PM org.neo4j.server.logging.Logger log
INFO: Enabling HTTPS on port [7473]
May 8, 2013 9:29:10 PM org.neo4j.server.logging.Logger log
INFO: Mounted discovery module at [/]
May 8, 2013 9:29:10 PM org.neo4j.server.logging.Logger log
INFO: Loaded server plugin "CypherPlugin"
May 8, 2013 9:29:10 PM org.neo4j.server.logging.Logger log
INFO: Loaded server plugin "GremlinPlugin"
May 8, 2013 9:29:10 PM org.neo4j.server.logging.Logger log
INFO: Mounted REST API at [/db/data/]
May 8, 2013 9:29:10 PM org.neo4j.server.logging.Logger log
INFO: Mounted management API at [/db/manage/]
May 8, 2013 9:29:10 PM org.neo4j.server.logging.Logger log
INFO: Mounted webadmin at [/webadmin]
May 8, 2013 9:29:10 PM org.neo4j.server.logging.Logger log
INFO: Mounting static content at [/webadmin] from [webadmin-html]
May 8, 2013 9:29:11 PM com.sun.jersey.api.core.PackagesResourceConfig init
INFO: Scanning for root resource and provider classes in the packages:
  org.neo4j.server.webadmin.rest
May 8, 2013 9:29:11 PM com.sun.jersey.api.core.ScanningResourceConfig logClasses
INFO: Root resource classes found:
  class org.neo4j.server.webadmin.rest.RootService
  class org.neo4j.server.webadmin.rest.MonitorService
  class org.neo4j.server.webadmin.rest.JmxService
  class org.neo4j.server.webadmin.rest.ConsoleService
May 8, 2013 9:29:11 PM com.sun.jersey.api.core.ScanningResourceConfig init
INFO: No provider classes found.
May 8, 2013 9:29:11 PM com.sun.jersey.server.impl.application.WebApplicationImpl _initiate
INFO: Initiating Jersey application, version 'Jersey: 1.9 09/02/2011 11:17 AM'
May 8, 2013 9:29:11 PM com.sun.jersey.api.core.PackagesResourceConfig init
INFO: Scanning for root resource and provider classes in the packages:
  org.neo4j.server.rest.web
May 8, 2013 9:29:11 PM com.sun.jersey.api.core.ScanningResourceConfig logClasses
INFO: Root resource classes found:
  class org.neo4j.server.rest.web.ResourcesService
  class org.neo4j.server.rest.web.ExtensionService
  class org.neo4j.server.rest.web.DatabaseMetadataService
  class org.neo4j.server.rest.web.BatchOperationService
  class org.neo4j.server.rest.web.RestfulGraphDatabase
  class org.neo4j.server.rest.web.CypherService
May 8, 2013 9:29:11 PM com.sun.jersey.api.core.ScanningResourceConfig init
INFO: No provider classes found.
May 8, 2013 9:29:11 PM com.sun.jersey.server.impl.application.WebApplicationImpl _initiate
INFO: Initiating Jersey application, version 'Jersey: 1.9 09/02/2011 11:17 AM'
May 8, 2013 9:29:12 PM com.sun.jersey.api.core.PackagesResourceConfig init
INFO: Scanning for root resource and provider classes in the packages:
  org.neo4j.server.rest.discovery
May 8, 2013 9:29:12 PM com.sun.jersey.api.core.ScanningResourceConfig logClasses
INFO: Root resource classes found:
  class org.neo4j.server.rest.discovery.DiscoveryService
May 8, 2013 9:29:12 PM com.sun.jersey.api.core.ScanningResourceConfig init
INFO: No provider classes found.
May 8, 2013 9:29:12 PM com.sun.jersey.server.impl.application.WebApplicationImpl _initiate
INFO: Initiating Jersey application, version 'Jersey: 1.9 09/02/2011 11:17 AM'
May 8, 2013 9:29:12 PM org.neo4j.server.logging.Logger log
INFO: Server started on [http://localhost:7474/]
May 8, 2013 9:48:24 PM org.neo4j.server.logging.Logger log
INFO: Neo4j Server shutdown initiated by kill signal
May 8, 2013 9:48:27 PM org.neo4j.server.logging.Logger log
INFO: Loaded neo4j tuning properties from conf/neo4j.properties
May 8, 2013 9:48:28 PM org.neo4j.server.logging.Logger log
INFO: Successfully started database
May 8, 2013 9:48:28 PM org.neo4j.server.logging.Logger log
INFO: Starting Neo Server on port [7474] with [40] threads available
May 8, 2013 9:48:28 PM org.neo4j.server.logging.Logger log
INFO: Enabling HTTPS on port [7473]
May 8, 2013 9:48:28 PM org.neo4j.server.logging.Logger log
INFO: Mounted discovery module at [/]
May 8, 2013 9:48:28 PM org.neo4j.server.logging.Logger log
INFO: Loaded server plugin "CypherPlugin"
May 8, 2013 9:48:28 PM org.neo4j.server.logging.Logger log
INFO: Loaded server plugin "GremlinPlugin"
May 8, 2013 9:48:28 PM org.neo4j.server.logging.Logger log
INFO: Mounted REST API at [/db/data/]
May 8, 2013 9:48:28 PM org.neo4j.server.logging.Logger log
INFO: Mounted management API at [/db/manage/]
May 8, 2013 9:48:28 PM org.neo4j.server.logging.Logger log
INFO: Mounted webadmin at [/webadmin]
May 8, 2013 9:48:28 PM org.neo4j.server.logging.Logger log
INFO: Mounting static content at [/webadmin] from [webadmin-html]
May 8, 2013 9:48:29 PM com.sun.jersey.api.core.PackagesResourceConfig init
INFO: Scanning for root resource and provider classes in the packages:
  org.neo4j.server.webadmin.rest
May 8, 2013 9:48:29 PM com.sun.jersey.api.core.ScanningResourceConfig logClasses
INFO: Root resource classes found:
  class org.neo4j.server.webadmin.rest.MonitorService
  class org.neo4j.server.webadmin.rest.JmxService
  class org.neo4j.server.webadmin.rest.RootService
  class org.neo4j.server.webadmin.rest.ConsoleService
May 8, 2013 9:48:29 PM com.sun.jersey.api.core.ScanningResourceConfig init
INFO: No provider classes found.
May 8, 2013 9:48:29 PM com.sun.jersey.server.impl.application.WebApplicationImpl _initiate
INFO: Initiating Jersey application, version 'Jersey: 1.9 09/02/2011 11:17 AM'
May 8, 2013 9:48:29 PM com.sun.jersey.api.core.PackagesResourceConfig init
INFO: Scanning for root resource and provider classes in the packages:
  org.neo4j.server.rest.web
May 8, 2013 9:48:29 PM com.sun.jersey.api.core.ScanningResourceConfig logClasses
INFO: Root resource classes found:
  class org.neo4j.server.rest.web.DatabaseMetadataService
  class org.neo4j.server.rest.web.ExtensionService
  class org.neo4j.server.rest.web.BatchOperationService
  class org.neo4j.server.rest.web.RestfulGraphDatabase
  class org.neo4j.server.rest.web.CypherService
  class org.neo4j.server.rest.web.ResourcesService
May 8, 2013 9:48:29 PM com.sun.jersey.api.core.ScanningResourceConfig init
INFO: No provider classes found.
May 8, 2013 9:48:29 PM com.sun.jersey.server.impl.application.WebApplicationImpl _initiate
INFO: Initiating Jersey application, version 'Jersey: 1.9 09/02/2011 11:17 AM'
May 8, 2013 9:48:30 PM com.sun.jersey.api.core.PackagesResourceConfig init
INFO: Scanning for root resource and provider classes in the packages:
  org.neo4j.server.rest.discovery
May 8, 2013 9:48:30 PM com.sun.jersey.api.core.ScanningResourceConfig logClasses
INFO: Root resource classes found:
  class org.neo4j.server.rest.discovery.DiscoveryService
May 8, 2013 9:48:30 PM com.sun.jersey.api.core.ScanningResourceConfig init
INFO: No provider classes found.
May 8, 2013 9:48:30 PM com.sun.jersey.server.impl.application.WebApplicationImpl _initiate
INFO: Initiating Jersey application, version 'Jersey: 1.9 09/02/2011 11:17 AM'
May 8, 2013 9:48:30 PM org.neo4j.server.logging.Logger log
INFO: Server started on [http://localhost:7474/]
